Copyright 1986-2022 Xilinx, Inc. All Rights Reserved.
----------------------------------------------------------------------------------------------------------------------------------------------
| Tool Version     : Vivado v.2022.2 (win64) Build 3671981 Fri Oct 14 05:00:03 MDT 2022
| Date             : Wed Sep 20 12:58:08 2023
| Host             : DESKTOP-P77UBKI running 64-bit major release  (build 9200)
| Command          : report_power -file proc_top_power_routed.rpt -pb proc_top_power_summary_routed.pb -rpx proc_top_power_routed.rpx
| Design           : proc_top
| Device           : xc7a35tcpg236-1
| Design State     : routed
| Grade            : commercial
| Process          : typical
| Characterization : Production
----------------------------------------------------------------------------------------------------------------------------------------------

Power Report

Table of Contents
-----------------
1. Summary
1.1 On-Chip Components
1.2 Power Supply Summary
1.3 Confidence Level
2. Settings
2.1 Environment
2.2 Clock Constraints
3. Detailed Reports
3.1 By Hierarchy

1. Summary
----------

+--------------------------+----------------------------------+
| Total On-Chip Power (W)  | 26.396 (Junction temp exceeded!) |
| Design Power Budget (W)  | Unspecified*                     |
| Power Budget Margin (W)  | NA                               |
| Dynamic (W)              | 25.902                           |
| Device Static (W)        | 0.494                            |
| Effective TJA (C/W)      | 5.0                              |
| Max Ambient (C)          | 0.0                              |
| Junction Temperature (C) | 125.0                            |
| Confidence Level         | Low                              |
| Setting File             | ---                              |
| Simulation Activity File | ---                              |
| Design Nets Matched      | NA                               |
+--------------------------+----------------------------------+
* Specify Design Power Budget using, set_operating_conditions -design_power_budget <value in Watts>


1.1 On-Chip Components
----------------------

+--------------------------+-----------+----------+-----------+-----------------+
| On-Chip                  | Power (W) | Used     | Available | Utilization (%) |
+--------------------------+-----------+----------+-----------+-----------------+
| Slice Logic              |     3.893 |      637 |       --- |             --- |
|   LUT as Logic           |     3.241 |      386 |     20800 |            1.86 |
|   LUT as Distributed RAM |     0.514 |       44 |      9600 |            0.46 |
|   CARRY4                 |     0.117 |       32 |      8150 |            0.39 |
|   Register               |     0.015 |       32 |     41600 |            0.08 |
|   BUFG                   |     0.006 |        1 |        32 |            3.13 |
|   Others                 |     0.000 |        9 |       --- |             --- |
| Signals                  |     4.755 |      571 |       --- |             --- |
| Block RAM                |     2.050 |       16 |        50 |           32.00 |
| I/O                      |    15.204 |       18 |       106 |           16.98 |
| Static Power             |     0.494 |          |           |                 |
| Total                    |    26.396 |          |           |                 |
+--------------------------+-----------+----------+-----------+-----------------+


1.2 Power Supply Summary
------------------------

+-----------+-------------+-----------+-------------+------------+-------------+-------------+------------+
| Source    | Voltage (V) | Total (A) | Dynamic (A) | Static (A) | Powerup (A) | Budget (A)  | Margin (A) |
+-----------+-------------+-----------+-------------+------------+-------------+-------------+------------+
| Vccint    |       1.000 |    10.876 |      10.531 |      0.346 |       NA    | Unspecified | NA         |
| Vccaux    |       1.800 |     1.298 |       1.244 |      0.053 |       NA    | Unspecified | NA         |
| Vcco33    |       3.300 |     0.000 |       0.000 |      0.000 |       NA    | Unspecified | NA         |
| Vcco25    |       2.500 |     0.000 |       0.000 |      0.000 |       NA    | Unspecified | NA         |
| Vcco18    |       1.800 |     7.201 |       7.200 |      0.001 |       NA    | Unspecified | NA         |
| Vcco15    |       1.500 |     0.000 |       0.000 |      0.000 |       NA    | Unspecified | NA         |
| Vcco135   |       1.350 |     0.000 |       0.000 |      0.000 |       NA    | Unspecified | NA         |
| Vcco12    |       1.200 |     0.000 |       0.000 |      0.000 |       NA    | Unspecified | NA         |
| Vccaux_io |       1.800 |     0.000 |       0.000 |      0.000 |       NA    | Unspecified | NA         |
| Vccbram   |       1.000 |     0.186 |       0.172 |      0.015 |       NA    | Unspecified | NA         |
| MGTAVcc   |       1.000 |     0.000 |       0.000 |      0.000 |       NA    | Unspecified | NA         |
| MGTAVtt   |       1.200 |     0.000 |       0.000 |      0.000 |       NA    | Unspecified | NA         |
| Vccadc    |       1.800 |     0.020 |       0.000 |      0.020 |       NA    | Unspecified | NA         |
+-----------+-------------+-----------+-------------+------------+-------------+-------------+------------+


1.3 Confidence Level
--------------------

+-----------------------------+------------+--------------------------------------------------------+--------------------------------------------------------------------------------------------------------------------+
| User Input Data             | Confidence | Details                                                | Action                                                                                                             |
+-----------------------------+------------+--------------------------------------------------------+--------------------------------------------------------------------------------------------------------------------+
| Design implementation state | High       | Design is routed                                       |                                                                                                                    |
| Clock nodes activity        | Low        | User specified less than 75% of clocks                 | Provide missing clock activity with a constraint file, simulation results or by editing the "By Clock Domain" view |
| I/O nodes activity          | Low        | More than 75% of inputs are missing user specification | Provide missing input activity with simulation results or by editing the "By Resource Type -> I/Os" view           |
| Internal nodes activity     | Medium     | User specified less than 25% of internal nodes         | Provide missing internal nodes activity with simulation results or by editing the "By Resource Type" views         |
| Device models               | High       | Device models are Production                           |                                                                                                                    |
|                             |            |                                                        |                                                                                                                    |
| Overall confidence level    | Low        |                                                        |                                                                                                                    |
+-----------------------------+------------+--------------------------------------------------------+--------------------------------------------------------------------------------------------------------------------+


2. Settings
-----------

2.1 Environment
---------------

+-----------------------+--------------------------+
| Ambient Temp (C)      | 25.0                     |
| ThetaJA (C/W)         | 5.0                      |
| Airflow (LFM)         | 250                      |
| Heat Sink             | medium (Medium Profile)  |
| ThetaSA (C/W)         | 4.6                      |
| Board Selection       | medium (10"x10")         |
| # of Board Layers     | 12to15 (12 to 15 Layers) |
| Board Temperature (C) | 25.0                     |
+-----------------------+--------------------------+


2.2 Clock Constraints
---------------------

+-------+--------+-----------------+
| Clock | Domain | Constraint (ns) |
+-------+--------+-----------------+


3. Detailed Reports
-------------------

3.1 By Hierarchy
----------------

+--------------------------------------+-----------+
| Name                                 | Power (W) |
+--------------------------------------+-----------+
| proc_top                             |    25.902 |
|   core_1                             |     7.712 |
|     alu                              |     0.036 |
|     branch_comp                      |     0.019 |
|     program_counter_top              |     5.414 |
|       program_counter                |     5.322 |
|       program_counter_add            |     0.093 |
|     register_file                    |     2.242 |
|       reg_array_reg_r1_0_31_0_5      |     0.151 |
|       reg_array_reg_r1_0_31_12_17    |     0.125 |
|       reg_array_reg_r1_0_31_18_23    |     0.112 |
|       reg_array_reg_r1_0_31_24_29    |     0.120 |
|       reg_array_reg_r1_0_31_30_31    |     0.029 |
|       reg_array_reg_r1_0_31_30_31__0 |     0.031 |
|       reg_array_reg_r1_0_31_6_11     |     0.141 |
|       reg_array_reg_r2_0_31_0_5      |     0.240 |
|       reg_array_reg_r2_0_31_12_17    |     0.152 |
|       reg_array_reg_r2_0_31_18_23    |     0.156 |
|       reg_array_reg_r2_0_31_24_29    |     0.142 |
|       reg_array_reg_r2_0_31_30_31    |     0.030 |
|       reg_array_reg_r2_0_31_30_31__0 |     0.030 |
|       reg_array_reg_r2_0_31_6_11     |     0.178 |
|   data_mem                           |     2.834 |
|   instruct_mem                       |     0.128 |
+--------------------------------------+-----------+


